<?xml version="1.0" encoding="UTF-8"?>
<!-- Generated by org.testng.reporters.JUnitReportReporter -->
<testsuite hostname="SeenaReddy" failures="0" tests="2" name="runner.RunTestNGTest" time="15.732" errors="0" timestamp="2025-05-07T18:37:25 MDT" skipped="0">
  <testcase classname="runner.RunTestNGTest" name="runScenario" time="7.781"/>
  <testcase classname="runner.RunTestNGTest" name="runScenario" time="7.951"/>
</testsuite> <!-- runner.RunTestNGTest -->
